#
# A fatal error has been detected by the Java Runtime Environment:
#
#  Internal Error (os_windows_x86.cpp:144), pid=9264, tid=0x00000000000043a4
#  guarantee(result == EXCEPTION_CONTINUE_EXECUTION) failed: Unexpected result from topLevelExceptionFilter
#
# JRE version: Java(TM) SE Runtime Environment (8.0_271-b09) (build 1.8.0_271-b09)
# Java VM: Java HotSpot(TM) 64-Bit Server VM (25.271-b09 mixed mode windows-amd64 compressed oops)
# Failed to write core dump. Minidumps are not enabled by default on client versions of Windows
#
# If you would like to submit a bug report, please visit:
#   http://bugreport.java.com/bugreport/crash.jsp
# The crash happened outside the Java Virtual Machine in native code.
# See problematic frame for where to report the bug.
#

---------------  T H R E A D  ---------------

Current thread (0x0000028f4fbb5800):  JavaThread "http-nio-8080-exec-3" daemon [_thread_in_native, id=17316, stack(0x000000d869c00000,0x000000d869d00000)]

Stack: [0x000000d869c00000,0x000000d869d00000]
Native frames: (J=compiled Java code, j=interpreted, Vv=VM code, C=native code)
V  [jvm.dll+0x33f6c9]
V  [jvm.dll+0x286122]
V  [jvm.dll+0x286dcd]
V  [jvm.dll+0x27d787]
V  [jvm.dll+0x33f34c]
C  [ntdll.dll+0xa1f6f]
C  [ntdll.dll+0x51454]
C  [ntdll.dll+0xa0a9e]
C  [ucrtbased.dll+0x8f2fb]
C  [ucrtbased.dll+0xb1b6b]
C  [TriclinicCrystalgeneralcase.dll+0x13184]  _vfprintf_l+0x74
C  [TriclinicCrystalgeneralcase.dll+0x1346b]  fprintf+0x7b
C  [TriclinicCrystalgeneralcase.dll+0x14185]  triclinic_crystal_generalcase+0x9d5
C  [jna6663715437216240326.dll+0x176f3]
C  [jna6663715437216240326.dll+0xffe7]
C  [jna6663715437216240326.dll+0x3d1a]
C  [jna6663715437216240326.dll+0x4e37]
C  0x0000028f342b9f4e

Java frames: (J=compiled Java code, j=interpreted, Vv=VM code)
j  com.sun.jna.Native.invokeInt(JI[Ljava/lang/Object;)I+0
j  com.sun.jna.Function.invoke([Ljava/lang/Object;Ljava/lang/Class;Z)Ljava/lang/Object;+333
j  com.sun.jna.Function.invoke(Ljava/lang/Class;[Ljava/lang/Object;Ljava/util/Map;)Ljava/lang/Object;+214
j  com.sun.jna.Library$Handler.invoke(Ljava/lang/Object;Ljava/lang/reflect/Method;[Ljava/lang/Object;)Ljava/lang/Object;+341
j  com.sun.proxy.$Proxy74.triclinic_crystal_generalcase(Ljava/lang/String;Ljava/lang/String;)I+20
j  com.xjtu.materials.controller.ForeController.TricliniCrystal(Lorg/springframework/web/multipart/MultipartFile;)Ljava/lang/String;+119
v  ~StubRoutines::call_stub
J 2269  sun.reflect.NativeMethodAccessorImpl.invoke0(Ljava/lang/reflect/Method;Ljava/lang/Object;[Ljava/lang/Object;)Ljava/lang/Object; (0 bytes) @ 0x0000028f347b203f [0x0000028f347b1fc0+0x7f]
J 2268 C1 sun.reflect.NativeMethodAccessorImpl.invoke(Ljava/lang/Object;[Ljava/lang/Object;)Ljava/lang/Object; (104 bytes) @ 0x0000028f347b3d64 [0x0000028f347b39a0+0x3c4]
J 1549 C1 sun.reflect.DelegatingMethodAccessorImpl.invoke(Ljava/lang/Object;[Ljava/lang/Object;)Ljava/lang/Object; (10 bytes) @ 0x0000028f34631ee4 [0x0000028f34631ea0+0x44]
J 1532 C1 java.lang.reflect.Method.invoke(Ljava/lang/Object;[Ljava/lang/Object;)Ljava/lang/Object; (62 bytes) @ 0x0000028f346253e4 [0x0000028f346252e0+0x104]
j  org.springframework.web.method.support.InvocableHandlerMethod.doInvoke([Ljava/lang/Object;)Ljava/lang/Object;+16
j  org.springframework.web.method.support.InvocableHandlerMethod.invokeForRequest(Lorg/springframework/web/context/request/NativeWebRequest;Lorg/springframework/web/method/support/ModelAndViewContainer;[Ljava/lang/Object;)Ljava/lang/Object;+56
j  org.springframework.web.servlet.mvc.method.annotation.ServletInvocableHandlerMethod.invokeAndHandle(Lorg/springframework/web/context/request/ServletWebRequest;Lorg/springframework/web/method/support/ModelAndViewContainer;[Ljava/lang/Object;)V+4
j  org.springframework.web.servlet.mvc.method.annotation.RequestMappingHandlerAdapter.invokeHandlerMethod(Ljavax/servlet/http/HttpServletRequest;Ljavax/servlet/http/HttpServletResponse;Lorg/springframework/web/method/HandlerMethod;)Lorg/springframework/web/servlet/ModelAndView;+244
j  org.springframework.web.servlet.mvc.method.annotation.RequestMappingHandlerAdapter.handleInternal(Ljavax/servlet/http/HttpServletRequest;Ljavax/servlet/http/HttpServletResponse;Lorg/springframework/web/method/HandlerMethod;)Lorg/springframework/web/servlet/ModelAndView;+81
j  org.springframework.web.servlet.mvc.method.AbstractHandlerMethodAdapter.handle(Ljavax/servlet/http/HttpServletRequest;Ljavax/servlet/http/HttpServletResponse;Ljava/lang/Object;)Lorg/springframework/web/servlet/ModelAndView;+7
j  org.springframework.web.servlet.DispatcherServlet.doDispatch(Ljavax/servlet/http/HttpServletRequest;Ljavax/servlet/http/HttpServletResponse;)V+257
j  org.springframework.web.servlet.DispatcherServlet.doService(Ljavax/servlet/http/HttpServletRequest;Ljavax/servlet/http/HttpServletResponse;)V+212
j  org.springframework.web.servlet.FrameworkServlet.processRequest(Ljavax/servlet/http/HttpServletRequest;Ljavax/servlet/http/HttpServletResponse;)V+71
j  org.springframework.web.servlet.FrameworkServlet.doPost(Ljavax/servlet/http/HttpServletRequest;Ljavax/servlet/http/HttpServletResponse;)V+3
j  javax.servlet.http.HttpServlet.service(Ljavax/servlet/http/HttpServletRequest;Ljavax/servlet/http/HttpServletResponse;)V+149
j  org.springframework.web.servlet.FrameworkServlet.service(Ljavax/servlet/http/HttpServletRequest;Ljavax/servlet/http/HttpServletResponse;)V+33
j  javax.servlet.http.HttpServlet.service(Ljavax/servlet/ServletRequest;Ljavax/servlet/ServletResponse;)V+30
j  org.apache.catalina.core.ApplicationFilterChain.internalDoFilter(Ljavax/servlet/ServletRequest;Ljavax/servlet/ServletResponse;)V+304
j  org.apache.catalina.core.ApplicationFilterChain.doFilter(Ljavax/servlet/ServletRequest;Ljavax/servlet/ServletResponse;)V+101
j  org.apache.tomcat.websocket.server.WsFilter.doFilter(Ljavax/servlet/ServletRequest;Ljavax/servlet/ServletResponse;Ljavax/servlet/FilterChain;)V+21
j  org.apache.catalina.core.ApplicationFilterChain.internalDoFilter(Ljavax/servlet/ServletRequest;Ljavax/servlet/ServletResponse;)V+135
j  org.apache.catalina.core.ApplicationFilterChain.doFilter(Ljavax/servlet/ServletRequest;Ljavax/servlet/ServletResponse;)V+101
j  org.springframework.web.filter.RequestContextFilter.doFilterInternal(Ljavax/servlet/http/HttpServletRequest;Ljavax/servlet/http/HttpServletResponse;Ljavax/servlet/FilterChain;)V+21
j  org.springframework.web.filter.OncePerRequestFilter.doFilter(Ljavax/servlet/ServletRequest;Ljavax/servlet/ServletResponse;Ljavax/servlet/FilterChain;)V+111
j  org.apache.catalina.core.ApplicationFilterChain.internalDoFilter(Ljavax/servlet/ServletRequest;Ljavax/servlet/ServletResponse;)V+135
j  org.apache.catalina.core.ApplicationFilterChain.doFilter(Ljavax/servlet/ServletRequest;Ljavax/servlet/ServletResponse;)V+101
j  org.springframework.web.filter.FormContentFilter.doFilterInternal(Ljavax/servlet/http/HttpServletRequest;Ljavax/servlet/http/HttpServletResponse;Ljavax/servlet/FilterChain;)V+38
j  org.springframework.web.filter.OncePerRequestFilter.doFilter(Ljavax/servlet/ServletRequest;Ljavax/servlet/ServletResponse;Ljavax/servlet/FilterChain;)V+111
j  org.apache.catalina.core.ApplicationFilterChain.internalDoFilter(Ljavax/servlet/ServletRequest;Ljavax/servlet/ServletResponse;)V+135
j  org.apache.catalina.core.ApplicationFilterChain.doFilter(Ljavax/servlet/ServletRequest;Ljavax/servlet/ServletResponse;)V+101
j  org.springframework.web.filter.HiddenHttpMethodFilter.doFilterInternal(Ljavax/servlet/http/HttpServletRequest;Ljavax/servlet/http/HttpServletResponse;Ljavax/servlet/FilterChain;)V+87
j  org.springframework.web.filter.OncePerRequestFilter.doFilter(Ljavax/servlet/ServletRequest;Ljavax/servlet/ServletResponse;Ljavax/servlet/FilterChain;)V+111
j  org.apache.catalina.core.ApplicationFilterChain.internalDoFilter(Ljavax/servlet/ServletRequest;Ljavax/servlet/ServletResponse;)V+135
j  org.apache.catalina.core.ApplicationFilterChain.doFilter(Ljavax/servlet/ServletRequest;Ljavax/servlet/ServletResponse;)V+101
j  org.springframework.web.filter.CharacterEncodingFilter.doFilterInternal(Ljavax/servlet/http/HttpServletRequest;Ljavax/servlet/http/HttpServletResponse;Ljavax/servlet/FilterChain;)V+53
j  org.springframework.web.filter.OncePerRequestFilter.doFilter(Ljavax/servlet/ServletRequest;Ljavax/servlet/ServletResponse;Ljavax/servlet/FilterChain;)V+111
j  org.apache.catalina.core.ApplicationFilterChain.internalDoFilter(Ljavax/servlet/ServletRequest;Ljavax/servlet/ServletResponse;)V+135
j  org.apache.catalina.core.ApplicationFilterChain.doFilter(Ljavax/servlet/ServletRequest;Ljavax/servlet/ServletResponse;)V+101
j  org.apache.catalina.core.StandardWrapperValve.invoke(Lorg/apache/catalina/connector/Request;Lorg/apache/catalina/connector/Response;)V+688
j  org.apache.catalina.core.StandardContextValve.invoke(Lorg/apache/catalina/connector/Request;Lorg/apache/catalina/connector/Response;)V+166
j  org.apache.catalina.authenticator.AuthenticatorBase.invoke(Lorg/apache/catalina/connector/Request;Lorg/apache/catalina/connector/Response;)V+260
j  org.apache.catalina.core.StandardHostValve.invoke(Lorg/apache/catalina/connector/Request;Lorg/apache/catalina/connector/Response;)V+114
j  org.apache.catalina.valves.ErrorReportValve.invoke(Lorg/apache/catalina/connector/Request;Lorg/apache/catalina/connector/Response;)V+6
j  org.apache.catalina.core.StandardEngineValve.invoke(Lorg/apache/catalina/connector/Request;Lorg/apache/catalina/connector/Response;)V+45
j  org.apache.catalina.connector.CoyoteAdapter.service(Lorg/apache/coyote/Request;Lorg/apache/coyote/Response;)V+199
j  org.apache.coyote.http11.Http11Processor.service(Lorg/apache/tomcat/util/net/SocketWrapperBase;)Lorg/apache/tomcat/util/net/AbstractEndpoint$Handler$SocketState;+791
j  org.apache.coyote.AbstractProcessorLight.process(Lorg/apache/tomcat/util/net/SocketWrapperBase;Lorg/apache/tomcat/util/net/SocketEvent;)Lorg/apache/tomcat/util/net/AbstractEndpoint$Handler$SocketState;+113
j  org.apache.coyote.AbstractProtocol$ConnectionHandler.process(Lorg/apache/tomcat/util/net/SocketWrapperBase;Lorg/apache/tomcat/util/net/SocketEvent;)Lorg/apache/tomcat/util/net/AbstractEndpoint$Handler$SocketState;+414
j  org.apache.tomcat.util.net.NioEndpoint$SocketProcessor.doRun()V+191
j  org.apache.tomcat.util.net.SocketProcessorBase.run()V+21
j  java.util.concurrent.ThreadPoolExecutor.runWorker(Ljava/util/concurrent/ThreadPoolExecutor$Worker;)V+95
j  java.util.concurrent.ThreadPoolExecutor$Worker.run()V+5
j  org.apache.tomcat.util.threads.TaskThread$WrappingRunnable.run()V+4
j  java.lang.Thread.run()V+11
v  ~StubRoutines::call_stub

---------------  P R O C E S S  ---------------

Java Threads: ( => current thread )
  0x0000028f4fbbf000 JavaThread "DestroyJavaVM" [_thread_blocked, id=17260, stack(0x000000d867e00000,0x000000d867f00000)]
  0x0000028f4fbbe800 JavaThread "http-nio-8080-Acceptor-0" daemon [_thread_in_native, id=14140, stack(0x000000d86a600000,0x000000d86a700000)]
  0x0000028f4fbb8800 JavaThread "http-nio-8080-ClientPoller-1" daemon [_thread_in_native, id=15600, stack(0x000000d86a500000,0x000000d86a600000)]
  0x0000028f4fbbc000 JavaThread "http-nio-8080-ClientPoller-0" daemon [_thread_in_native, id=8032, stack(0x000000d86a400000,0x000000d86a500000)]
  0x0000028f4fbba800 JavaThread "http-nio-8080-exec-10" daemon [_thread_blocked, id=16872, stack(0x000000d86a300000,0x000000d86a400000)]
  0x0000028f4fbbd800 JavaThread "http-nio-8080-exec-9" daemon [_thread_blocked, id=16612, stack(0x000000d86a200000,0x000000d86a300000)]
  0x0000028f4fbba000 JavaThread "http-nio-8080-exec-8" daemon [_thread_blocked, id=15620, stack(0x000000d86a100000,0x000000d86a200000)]
  0x0000028f4fbbd000 JavaThread "http-nio-8080-exec-7" daemon [_thread_blocked, id=16320, stack(0x000000d86a000000,0x000000d86a100000)]
  0x0000028f4fbbb800 JavaThread "http-nio-8080-exec-6" daemon [_thread_blocked, id=16620, stack(0x000000d869f00000,0x000000d86a000000)]
  0x0000028f4fbb7800 JavaThread "http-nio-8080-exec-5" daemon [_thread_blocked, id=1156, stack(0x000000d869e00000,0x000000d869f00000)]
  0x0000028f4fbb7000 JavaThread "http-nio-8080-exec-4" daemon [_thread_blocked, id=11292, stack(0x000000d869d00000,0x000000d869e00000)]
=>0x0000028f4fbb5800 JavaThread "http-nio-8080-exec-3" daemon [_thread_in_native, id=17316, stack(0x000000d869c00000,0x000000d869d00000)]
  0x0000028f4fa35800 JavaThread "http-nio-8080-exec-2" daemon [_thread_blocked, id=3992, stack(0x000000d869b00000,0x000000d869c00000)]
  0x0000028f4fa34000 JavaThread "http-nio-8080-exec-1" daemon [_thread_blocked, id=14048, stack(0x000000d869a00000,0x000000d869b00000)]
  0x0000028f4fa33000 JavaThread "NioBlockingSelector.BlockPoller-1" daemon [_thread_in_native, id=17372, stack(0x000000d869900000,0x000000d869a00000)]
  0x0000028f51a84800 JavaThread "Abandoned connection cleanup thread" daemon [_thread_blocked, id=17036, stack(0x000000d869800000,0x000000d869900000)]
  0x0000028f51a02000 JavaThread "container-0" [_thread_blocked, id=15596, stack(0x000000d869700000,0x000000d869800000)]
  0x0000028f51a01000 JavaThread "Catalina-utility-1" [_thread_blocked, id=16060, stack(0x000000d869600000,0x000000d869700000)]
  0x0000028f500a9000 JavaThread "RMI TCP Accept-0" daemon [_thread_in_native, id=4340, stack(0x000000d869400000,0x000000d869500000)]
  0x0000028f4fdee800 JavaThread "Service Thread" daemon [_thread_blocked, id=1452, stack(0x000000d869300000,0x000000d869400000)]
  0x0000028f4fdc7000 JavaThread "C1 CompilerThread3" daemon [_thread_blocked, id=14148, stack(0x000000d869200000,0x000000d869300000)]
  0x0000028f4fdc4000 JavaThread "C2 CompilerThread2" daemon [_thread_blocked, id=16700, stack(0x000000d869100000,0x000000d869200000)]
  0x0000028f4fdc1800 JavaThread "C2 CompilerThread1" daemon [_thread_blocked, id=2704, stack(0x000000d869000000,0x000000d869100000)]
  0x0000028f4fdc0800 JavaThread "C2 CompilerThread0" daemon [_thread_blocked, id=17120, stack(0x000000d868f00000,0x000000d869000000)]
  0x0000028f4fd93000 JavaThread "Monitor Ctrl-Break" daemon [_thread_in_native, id=10460, stack(0x000000d868e00000,0x000000d868f00000)]
  0x0000028f4f953800 JavaThread "Attach Listener" daemon [_thread_blocked, id=4664, stack(0x000000d868d00000,0x000000d868e00000)]
  0x0000028f4d567000 JavaThread "Signal Dispatcher" daemon [_thread_blocked, id=16156, stack(0x000000d868c00000,0x000000d868d00000)]
  0x0000028f4d538800 JavaThread "Finalizer" daemon [_thread_blocked, id=14840, stack(0x000000d868b00000,0x000000d868c00000)]
  0x0000028f4d52f800 JavaThread "Reference Handler" daemon [_thread_blocked, id=10852, stack(0x000000d868a00000,0x000000d868b00000)]

Other Threads:
  0x0000028f4d508000 VMThread [stack: 0x000000d868900000,0x000000d868a00000] [id=3624]
  0x0000028f500b6800 WatcherThread [stack: 0x000000d869500000,0x000000d869600000] [id=15772]

VM state:not at safepoint (normal execution)

VM Mutex/Monitor currently owned by a thread: None

heap address: 0x00000006c2c00000, size: 4052 MB, Compressed Oops mode: Zero based, Oop shift amount: 3
Narrow klass base: 0x0000000000000000, Narrow klass shift: 3
Compressed class space size: 1073741824 Address: 0x00000007c0000000

Heap:
 PSYoungGen      total 154624K, used 65778K [0x000000076b980000, 0x0000000777080000, 0x00000007c0000000)
  eden space 136704K, 48% used [0x000000076b980000,0x000000076f9bca58,0x0000000773f00000)
  from space 17920K, 0% used [0x0000000775080000,0x0000000775080000,0x0000000776200000)
  to   space 17920K, 0% used [0x0000000773f00000,0x0000000773f00000,0x0000000775080000)
 ParOldGen       total 159232K, used 19995K [0x00000006c2c00000, 0x00000006cc780000, 0x000000076b980000)
  object space 159232K, 12% used [0x00000006c2c00000,0x00000006c3f86ce0,0x00000006cc780000)
 Metaspace       used 39202K, capacity 40930K, committed 41216K, reserved 1085440K
  class space    used 5253K, capacity 5605K, committed 5632K, reserved 1048576K

Card table byte_map: [0x0000028f43660000,0x0000028f43e50000] byte_map_base: 0x0000028f4004a000

Marking Bits: (ParMarkBitMap*) 0x000000006a327fe0
 Begin Bits: [0x0000028f443a0000, 0x0000028f482f0000)
 End Bits:   [0x0000028f482f0000, 0x0000028f4c240000)

Polling page: 0x0000028f32a90000

CodeCache: size=245760Kb used=8249Kb max_used=8249Kb free=237510Kb
 bounds [0x0000028f342a0000, 0x0000028f34ab0000, 0x0000028f432a0000]
 total_blobs=4421 nmethods=3929 adapters=404
 compilation: enabled

Compilation events (10 events):
Event: 61.182 Thread 0x0000028f4fdc7000 3924       1       java.util.concurrent.locks.ReentrantLock$NonfairSync::tryAcquire (6 bytes)
Event: 61.182 Thread 0x0000028f4fdc7000 nmethod 3924 0x0000028f34aac850 code [0x0000028f34aac9a0, 0x0000028f34aacad0]
Event: 61.182 Thread 0x0000028f4fdc7000 3925       1       java.util.concurrent.locks.ReentrantLock$Sync::nonfairTryAcquire (67 bytes)
Event: 61.183 Thread 0x0000028f4fdc7000 nmethod 3925 0x0000028f34aacb50 code [0x0000028f34aaccc0, 0x0000028f34aacf30]
Event: 66.821 Thread 0x0000028f4fdc7000 3926   !   1       org.apache.tomcat.util.net.NioEndpoint$Poller::events (103 bytes)
Event: 66.822 Thread 0x0000028f4fdc7000 nmethod 3926 0x0000028f34aad010 code [0x0000028f34aad1c0, 0x0000028f34aad6a0]
Event: 71.173 Thread 0x0000028f4fdc7000 3928       1       java.util.concurrent.ScheduledThreadPoolExecutor::canRunInCurrentRunState (20 bytes)
Event: 71.173 Thread 0x0000028f4fdc7000 nmethod 3928 0x0000028f34aade10 code [0x0000028f34aadf60, 0x0000028f34aae0d8]
Event: 71.173 Thread 0x0000028f4fdc7000 3929       1       java.util.concurrent.ThreadPoolExecutor::isRunningOrShutdown (31 bytes)
Event: 71.173 Thread 0x0000028f4fdc7000 nmethod 3929 0x0000028f34aae190 code [0x0000028f34aae2e0, 0x0000028f34aae458]

GC Heap History (10 events):
Event: 1.368 GC heap before
{Heap before GC invocations=4 (full 1):
 PSYoungGen      total 75776K, used 65024K [0x000000076b980000, 0x0000000774d80000, 0x00000007c0000000)
  eden space 65024K, 100% used [0x000000076b980000,0x000000076f900000,0x000000076f900000)
  from space 10752K, 0% used [0x0000000770380000,0x0000000770380000,0x0000000770e00000)
  to   space 10752K, 0% used [0x000000076f900000,0x000000076f900000,0x0000000770380000)
 ParOldGen       total 106496K, used 10204K [0x00000006c2c00000, 0x00000006c9400000, 0x000000076b980000)
  object space 106496K, 9% used [0x00000006c2c00000,0x00000006c35f72c0,0x00000006c9400000)
 Metaspace       used 23643K, capacity 24436K, committed 24704K, reserved 1071104K
  class space    used 3165K, capacity 3362K, committed 3456K, reserved 1048576K
Event: 1.371 GC heap after
Heap after GC invocations=4 (full 1):
 PSYoungGen      total 75776K, used 6431K [0x000000076b980000, 0x0000000772c00000, 0x00000007c0000000)
  eden space 65024K, 0% used [0x000000076b980000,0x000000076b980000,0x000000076f900000)
  from space 10752K, 59% used [0x000000076f900000,0x000000076ff47d60,0x0000000770380000)
  to   space 10752K, 0% used [0x0000000772180000,0x0000000772180000,0x0000000772c00000)
 ParOldGen       total 106496K, used 10276K [0x00000006c2c00000, 0x00000006c9400000, 0x000000076b980000)
  object space 106496K, 9% used [0x00000006c2c00000,0x00000006c36092d0,0x00000006c9400000)
 Metaspace       used 23643K, capacity 24436K, committed 24704K, reserved 1071104K
  class space    used 3165K, capacity 3362K, committed 3456K, reserved 1048576K
}
Event: 1.707 GC heap before
{Heap before GC invocations=5 (full 1):
 PSYoungGen      total 75776K, used 71455K [0x000000076b980000, 0x0000000772c00000, 0x00000007c0000000)
  eden space 65024K, 100% used [0x000000076b980000,0x000000076f900000,0x000000076f900000)
  from space 10752K, 59% used [0x000000076f900000,0x000000076ff47d60,0x0000000770380000)
  to   space 10752K, 0% used [0x0000000772180000,0x0000000772180000,0x0000000772c00000)
 ParOldGen       total 106496K, used 10276K [0x00000006c2c00000, 0x00000006c9400000, 0x000000076b980000)
  object space 106496K, 9% used [0x00000006c2c00000,0x00000006c36092d0,0x00000006c9400000)
 Metaspace       used 28295K, capacity 29534K, committed 29696K, reserved 1075200K
  class space    used 3825K, capacity 4067K, committed 4096K, reserved 1048576K
Event: 1.712 GC heap after
Heap after GC invocations=5 (full 1):
 PSYoungGen      total 106496K, used 10748K [0x000000076b980000, 0x0000000772c00000, 0x00000007c0000000)
  eden space 95744K, 0% used [0x000000076b980000,0x000000076b980000,0x0000000771700000)
  from space 10752K, 99% used [0x0000000772180000,0x0000000772bff2a0,0x0000000772c00000)
  to   space 10752K, 0% used [0x0000000771700000,0x0000000771700000,0x0000000772180000)
 ParOldGen       total 106496K, used 12001K [0x00000006c2c00000, 0x00000006c9400000, 0x000000076b980000)
  object space 106496K, 11% used [0x00000006c2c00000,0x00000006c37b8640,0x00000006c9400000)
 Metaspace       used 28295K, capacity 29534K, committed 29696K, reserved 1075200K
  class space    used 3825K, capacity 4067K, committed 4096K, reserved 1048576K
}
Event: 2.922 GC heap before
{Heap before GC invocations=6 (full 1):
 PSYoungGen      total 106496K, used 106492K [0x000000076b980000, 0x0000000772c00000, 0x00000007c0000000)
  eden space 95744K, 100% used [0x000000076b980000,0x0000000771700000,0x0000000771700000)
  from space 10752K, 99% used [0x0000000772180000,0x0000000772bff2a0,0x0000000772c00000)
  to   space 10752K, 0% used [0x0000000771700000,0x0000000771700000,0x0000000772180000)
 ParOldGen       total 106496K, used 12001K [0x00000006c2c00000, 0x00000006c9400000, 0x000000076b980000)
  object space 106496K, 11% used [0x00000006c2c00000,0x00000006c37b8640,0x00000006c9400000)
 Metaspace       used 33030K, capacity 34422K, committed 34688K, reserved 1079296K
  class space    used 4424K, capacity 4687K, committed 4736K, reserved 1048576K
Event: 2.929 GC heap after
Heap after GC invocations=6 (full 1):
 PSYoungGen      total 106496K, used 10726K [0x000000076b980000, 0x0000000776200000, 0x00000007c0000000)
  eden space 95744K, 0% used [0x000000076b980000,0x000000076b980000,0x0000000771700000)
  from space 10752K, 99% used [0x0000000771700000,0x0000000772179a58,0x0000000772180000)
  to   space 17920K, 0% used [0x0000000775080000,0x0000000775080000,0x0000000776200000)
 ParOldGen       total 106496K, used 16996K [0x00000006c2c00000, 0x00000006c9400000, 0x000000076b980000)
  object space 106496K, 15% used [0x00000006c2c00000,0x00000006c3c990b0,0x00000006c9400000)
 Metaspace       used 33030K, capacity 34422K, committed 34688K, reserved 1079296K
  class space    used 4424K, capacity 4687K, committed 4736K, reserved 1048576K
}
Event: 3.010 GC heap before
{Heap before GC invocations=7 (full 1):
 PSYoungGen      total 106496K, used 35000K [0x000000076b980000, 0x0000000776200000, 0x00000007c0000000)
  eden space 95744K, 25% used [0x000000076b980000,0x000000076d134828,0x0000000771700000)
  from space 10752K, 99% used [0x0000000771700000,0x0000000772179a58,0x0000000772180000)
  to   space 17920K, 0% used [0x0000000775080000,0x0000000775080000,0x0000000776200000)
 ParOldGen       total 106496K, used 16996K [0x00000006c2c00000, 0x00000006c9400000, 0x000000076b980000)
  object space 106496K, 15% used [0x00000006c2c00000,0x00000006c3c990b0,0x00000006c9400000)
 Metaspace       used 34017K, capacity 35424K, committed 35496K, reserved 1079296K
  class space    used 4552K, capacity 4836K, committed 4864K, reserved 1048576K
Event: 3.015 GC heap after
Heap after GC invocations=7 (full 1):
 PSYoungGen      total 154624K, used 12765K [0x000000076b980000, 0x0000000777080000, 0x00000007c0000000)
  eden space 136704K, 0% used [0x000000076b980000,0x000000076b980000,0x0000000773f00000)
  from space 17920K, 71% used [0x0000000775080000,0x0000000775cf7460,0x0000000776200000)
  to   space 17920K, 0% used [0x0000000773f00000,0x0000000773f00000,0x0000000775080000)
 ParOldGen       total 106496K, used 17004K [0x00000006c2c00000, 0x00000006c9400000, 0x000000076b980000)
  object space 106496K, 15% used [0x00000006c2c00000,0x00000006c3c9b0b0,0x00000006c9400000)
 Metaspace       used 34017K, capacity 35424K, committed 35496K, reserved 1079296K
  class space    used 4552K, capacity 4836K, committed 4864K, reserved 1048576K
}
Event: 3.015 GC heap before
{Heap before GC invocations=8 (full 2):
 PSYoungGen      total 154624K, used 12765K [0x000000076b980000, 0x0000000777080000, 0x00000007c0000000)
  eden space 136704K, 0% used [0x000000076b980000,0x000000076b980000,0x0000000773f00000)
  from space 17920K, 71% used [0x0000000775080000,0x0000000775cf7460,0x0000000776200000)
  to   space 17920K, 0% used [0x0000000773f00000,0x0000000773f00000,0x0000000775080000)
 ParOldGen       total 106496K, used 17004K [0x00000006c2c00000, 0x00000006c9400000, 0x000000076b980000)
  object space 106496K, 15% used [0x00000006c2c00000,0x00000006c3c9b0b0,0x00000006c9400000)
 Metaspace       used 34017K, capacity 35424K, committed 35496K, reserved 1079296K
  class space    used 4552K, capacity 4836K, committed 4864K, reserved 1048576K
Event: 3.042 GC heap after
Heap after GC invocations=8 (full 2):
 PSYoungGen      total 154624K, used 0K [0x000000076b980000, 0x0000000777080000, 0x00000007c0000000)
  eden space 136704K, 0% used [0x000000076b980000,0x000000076b980000,0x0000000773f00000)
  from space 17920K, 0% used [0x0000000775080000,0x0000000775080000,0x0000000776200000)
  to   space 17920K, 0% used [0x0000000773f00000,0x0000000773f00000,0x0000000775080000)
 ParOldGen       total 159232K, used 19995K [0x00000006c2c00000, 0x00000006cc780000, 0x000000076b980000)
  object space 159232K, 12% used [0x00000006c2c00000,0x00000006c3f86ce0,0x00000006cc780000)
 Metaspace       used 34017K, capacity 35424K, committed 35496K, reserved 1079296K
  class space    used 4552K, capacity 4836K, committed 4864K, reserved 1048576K
}

Deoptimization events (0 events):
No events

Classes redefined (0 events):
No events

Internal exceptions (10 events):
Event: 3.136 Thread 0x0000028f328ce000 Exception <a 'java/lang/ArrayIndexOutOfBoundsException'> (0x000000076ce9a270) thrown at [C:\jenkins\workspace\8-2-build-windows-amd64-cygwin\jdk8u271\605\hotspot\src\share\vm\runtime\sharedRuntime.cpp, line 609]
Event: 3.136 Thread 0x0000028f328ce000 Exception <a 'java/lang/ArrayIndexOutOfBoundsException'> (0x000000076cea6828) thrown at [C:\jenkins\workspace\8-2-build-windows-amd64-cygwin\jdk8u271\605\hotspot\src\share\vm\runtime\sharedRuntime.cpp, line 609]
Event: 3.137 Thread 0x0000028f328ce000 Exception <a 'java/lang/ArrayIndexOutOfBoundsException'> (0x000000076cefd600) thrown at [C:\jenkins\workspace\8-2-build-windows-amd64-cygwin\jdk8u271\605\hotspot\src\share\vm\runtime\sharedRuntime.cpp, line 609]
Event: 3.143 Thread 0x0000028f328ce000 Exception <a 'java/lang/ArrayIndexOutOfBoundsException'> (0x000000076d0872f0) thrown at [C:\jenkins\workspace\8-2-build-windows-amd64-cygwin\jdk8u271\605\hotspot\src\share\vm\runtime\sharedRuntime.cpp, line 609]
Event: 3.157 Thread 0x0000028f328ce000 Exception <a 'java/lang/ArrayIndexOutOfBoundsException'> (0x000000076d376058) thrown at [C:\jenkins\workspace\8-2-build-windows-amd64-cygwin\jdk8u271\605\hotspot\src\share\vm\runtime\sharedRuntime.cpp, line 609]
Event: 3.157 Thread 0x0000028f328ce000 Exception <a 'java/lang/ArrayIndexOutOfBoundsException'> (0x000000076d378aa0) thrown at [C:\jenkins\workspace\8-2-build-windows-amd64-cygwin\jdk8u271\605\hotspot\src\share\vm\runtime\sharedRuntime.cpp, line 609]
Event: 3.157 Thread 0x0000028f328ce000 Exception <a 'java/lang/ArrayIndexOutOfBoundsException'> (0x000000076d37a840) thrown at [C:\jenkins\workspace\8-2-build-windows-amd64-cygwin\jdk8u271\605\hotspot\src\share\vm\runtime\sharedRuntime.cpp, line 609]
Event: 25.401 Thread 0x0000028f4fa34000 Exception <a 'java/lang/NoSuchMethodError': java.lang.Object.lambda$thenComparing$36697e65$1(Ljava/util/Comparator;Ljava/lang/Object;Ljava/lang/Object;)I> (0x000000076e377a50) thrown at [C:\jenkins\workspace\8-2-build-windows-amd64-cygwin\jdk8u271\605\hot
Event: 35.683 Thread 0x0000028f4fbb5800 Exception <a 'java/io/FileNotFoundException'> (0x000000076f7ee138) thrown at [C:\jenkins\workspace\8-2-build-windows-amd64-cygwin\jdk8u271\605\hotspot\src\share\vm\prims\jni.cpp, line 710]
Event: 35.730 Thread 0x0000028f4fbb5800 Exception <a 'java/lang/NullPointerException'> (0x000000076f92ed08) thrown at [C:\jenkins\workspace\8-2-build-windows-amd64-cygwin\jdk8u271\605\hotspot\src\share\vm\interpreter\linkResolver.cpp, line 1185]

Events (10 events):
Event: 35.734 loading class com/sun/jna/Function
Event: 35.734 loading class com/sun/jna/Function done
Event: 35.734 loading class com/sun/jna/NativeString
Event: 35.734 loading class com/sun/jna/NativeString done
Event: 35.734 loading class com/sun/jna/Memory
Event: 35.734 loading class com/sun/jna/Memory done
Event: 35.735 loading class com/sun/jna/WeakIdentityHashMap
Event: 35.735 loading class com/sun/jna/WeakIdentityHashMap done
Event: 62.734 loading class org/apache/catalina/Session
Event: 62.734 loading class org/apache/catalina/Session done


Dynamic libraries:
0x00007ff79c500000 - 0x00007ff79c547000 	C:\Program Files\Java\jdk1.8.0_271\bin\java.exe
0x00007ffa5cdd0000 - 0x00007ffa5cfc5000 	C:\windows\SYSTEM32\ntdll.dll
0x00007ffa5ae60000 - 0x00007ffa5af1d000 	C:\windows\System32\KERNEL32.DLL
0x00007ffa5a6c0000 - 0x00007ffa5a989000 	C:\windows\System32\KERNELBASE.dll
0x00007ffa5b9b0000 - 0x00007ffa5ba5c000 	C:\windows\System32\ADVAPI32.dll
0x00007ffa5ba60000 - 0x00007ffa5bafe000 	C:\windows\System32\msvcrt.dll
0x00007ffa5bba0000 - 0x00007ffa5bc3c000 	C:\windows\System32\sechost.dll
0x00007ffa5bcd0000 - 0x00007ffa5bdfb000 	C:\windows\System32\RPCRT4.dll
0x00007ffa5c240000 - 0x00007ffa5c3e0000 	C:\windows\System32\USER32.dll
0x00007ffa5ae00000 - 0x00007ffa5ae22000 	C:\windows\System32\win32u.dll
0x00007ffa5c1b0000 - 0x00007ffa5c1da000 	C:\windows\System32\GDI32.dll
0x00007ffa5ab90000 - 0x00007ffa5ac9b000 	C:\windows\System32\gdi32full.dll
0x00007ffa5aa70000 - 0x00007ffa5ab0d000 	C:\windows\System32\msvcp_win.dll
0x00007ffa5a510000 - 0x00007ffa5a610000 	C:\windows\System32\ucrtbase.dll
0x00007ffa41900000 - 0x00007ffa41b9a000 	C:\windows\WinSxS\amd64_microsoft.windows.common-controls_6595b64144ccf1df_6.0.19041.844_none_ca00b6081b84eb1d\COMCTL32.dll
0x00007ffa5ae30000 - 0x00007ffa5ae60000 	C:\windows\System32\IMM32.DLL
0x00007ffa56250000 - 0x00007ffa56265000 	C:\Program Files\Java\jdk1.8.0_271\jre\bin\vcruntime140.dll
0x00007ffa44340000 - 0x00007ffa443db000 	C:\Program Files\Java\jdk1.8.0_271\jre\bin\msvcp140.dll
0x0000000069b30000 - 0x000000006a39f000 	C:\Program Files\Java\jdk1.8.0_271\jre\bin\server\jvm.dll
0x00007ffa5cc10000 - 0x00007ffa5cc18000 	C:\windows\System32\PSAPI.DLL
0x00007ffa457e0000 - 0x00007ffa45807000 	C:\windows\SYSTEM32\WINMM.dll
0x00007ffa55240000 - 0x00007ffa5524a000 	C:\windows\SYSTEM32\VERSION.dll
0x00007ffa562a0000 - 0x00007ffa562a9000 	C:\windows\SYSTEM32\WSOCK32.dll
0x00007ffa5bf40000 - 0x00007ffa5bfab000 	C:\windows\System32\WS2_32.dll
0x00007ffa58490000 - 0x00007ffa584a2000 	C:\windows\SYSTEM32\kernel.appcore.dll
0x00007ffa56240000 - 0x00007ffa56250000 	C:\Program Files\Java\jdk1.8.0_271\jre\bin\verify.dll
0x00007ffa56210000 - 0x00007ffa5623b000 	C:\Program Files\Java\jdk1.8.0_271\jre\bin\java.dll
0x00007ffa56160000 - 0x00007ffa56190000 	C:\Program Files\Java\jdk1.8.0_271\jre\bin\instrument.dll
0x00007ffa56190000 - 0x00007ffa561a8000 	C:\Program Files\Java\jdk1.8.0_271\jre\bin\zip.dll
0x00007ffa5c3f0000 - 0x00007ffa5cb32000 	C:\windows\System32\SHELL32.dll
0x00007ffa58690000 - 0x00007ffa58e20000 	C:\windows\SYSTEM32\windows.storage.dll
0x00007ffa5af80000 - 0x00007ffa5b2d5000 	C:\windows\System32\combase.dll
0x00007ffa59eb0000 - 0x00007ffa59edc000 	C:\windows\SYSTEM32\Wldp.dll
0x00007ffa5cc80000 - 0x00007ffa5cd2e000 	C:\windows\System32\SHCORE.dll
0x00007ffa5cc20000 - 0x00007ffa5cc75000 	C:\windows\System32\shlwapi.dll
0x00007ffa5a450000 - 0x00007ffa5a46f000 	C:\windows\SYSTEM32\profapi.dll
0x00007ffa44300000 - 0x00007ffa4431a000 	C:\Program Files\JetBrains\IntelliJ IDEA 2020.3\bin\breakgen64.dll
0x00007ffa56140000 - 0x00007ffa5615c000 	C:\Program Files\Java\jdk1.8.0_271\jre\bin\net.dll
0x00007ffa59c30000 - 0x00007ffa59c9a000 	C:\windows\system32\mswsock.dll
0x00007ffa59960000 - 0x00007ffa59a2b000 	C:\windows\SYSTEM32\DNSAPI.dll
0x00007ffa59920000 - 0x00007ffa5995b000 	C:\windows\SYSTEM32\IPHLPAPI.DLL
0x00007ffa5c3e0000 - 0x00007ffa5c3e8000 	C:\windows\System32\NSI.dll
0x00007ffa470a0000 - 0x00007ffa470aa000 	C:\Windows\System32\rasadhlp.dll
0x00007ffa478b0000 - 0x00007ffa4792f000 	C:\windows\System32\fwpuclnt.dll
0x00007ffa5a990000 - 0x00007ffa5a9b7000 	C:\windows\System32\bcrypt.dll
0x00007ffa56200000 - 0x00007ffa5620d000 	C:\Program Files\Java\jdk1.8.0_271\jre\bin\management.dll
0x00007ffa44320000 - 0x00007ffa44333000 	C:\Program Files\Java\jdk1.8.0_271\jre\bin\nio.dll
0x00007ffa59e10000 - 0x00007ffa59e28000 	C:\windows\SYSTEM32\CRYPTSP.dll
0x00007ffa595d0000 - 0x00007ffa59604000 	C:\windows\system32\rsaenh.dll
0x00007ffa5a3d0000 - 0x00007ffa5a3fe000 	C:\windows\SYSTEM32\USERENV.dll
0x00007ffa5ab10000 - 0x00007ffa5ab90000 	C:\windows\System32\bcryptprimitives.dll
0x00007ffa59e00000 - 0x00007ffa59e0c000 	C:\windows\SYSTEM32\CRYPTBASE.dll
0x00007ffa54180000 - 0x00007ffa54197000 	C:\windows\SYSTEM32\dhcpcsvc6.DLL
0x00007ffa54440000 - 0x00007ffa5445d000 	C:\windows\SYSTEM32\dhcpcsvc.DLL
0x00007ffa44140000 - 0x00007ffa44157000 	C:\windows\system32\napinsp.dll
0x00007ffa41580000 - 0x00007ffa4159b000 	C:\windows\system32\pnrpnsp.dll
0x00007ffa41560000 - 0x00007ffa41575000 	C:\windows\system32\wshbth.dll
0x00007ffa56000000 - 0x00007ffa5601d000 	C:\windows\system32\NLAapi.dll
0x00007ffa41540000 - 0x00007ffa41552000 	C:\windows\System32\winrnr.dll
0x0000000180000000 - 0x000000018020e000 	C:\Windows\System32\tcnative-1.dll
0x00007ff9f9230000 - 0x00007ff9f93c4000 	C:\Program Files\Java\jdk1.8.0_271\jre\bin\awt.dll
0x00007ffa5cb40000 - 0x00007ffa5cc0d000 	C:\windows\System32\OLEAUT32.dll
0x00007ffa57e00000 - 0x00007ffa57e90000 	C:\windows\SYSTEM32\apphelp.dll
0x00007ffa43ea0000 - 0x00007ffa43ed7000 	C:\Users\Xiongkai\AppData\Local\Temp\jna-Xiongkai\jna6663715437216240326.dll
0x00007ffa442d0000 - 0x00007ffa44300000 	C:\Users\Xiongkai\IdeaProjects\materials\TriclinicCrystalgeneralcase.dll
0x00007ffa3eae0000 - 0x00007ffa3eb0b000 	C:\windows\SYSTEM32\VCRUNTIME140D.dll
0x00007ff9f8d60000 - 0x00007ff9f8f27000 	C:\windows\SYSTEM32\ucrtbased.dll
0x00007ffa337a0000 - 0x00007ffa3384c000 	C:\windows\SYSTEM32\TextShaping.dll
0x00007ffa57fd0000 - 0x00007ffa5806e000 	C:\windows\system32\uxtheme.dll
0x00007ffa5c090000 - 0x00007ffa5c1a5000 	C:\windows\System32\MSCTF.dll
0x00007ffa38200000 - 0x00007ffa382fb000 	C:\windows\SYSTEM32\textinputframework.dll
0x00007ffa57790000 - 0x00007ffa57aee000 	C:\windows\System32\CoreUIComponents.dll
0x00007ffa57af0000 - 0x00007ffa57be2000 	C:\windows\System32\CoreMessaging.dll
0x00007ffa59260000 - 0x00007ffa59293000 	C:\windows\SYSTEM32\ntmarta.dll
0x00007ffa570c0000 - 0x00007ffa57214000 	C:\windows\SYSTEM32\wintypes.dll
0x00007ffa5be00000 - 0x00007ffa5bf2a000 	C:\windows\System32\ole32.dll
0x00007ffa45090000 - 0x00007ffa45274000 	C:\windows\SYSTEM32\dbghelp.dll

VM Arguments:
jvm_args: -XX:TieredStopAtLevel=1 -Xverify:none -Dspring.output.ansi.enabled=always -javaagent:C:\Program Files\JetBrains\IntelliJ IDEA 2020.3\lib\idea_rt.jar=54763:C:\Program Files\JetBrains\IntelliJ IDEA 2020.3\bin -Dcom.sun.management.jmxremote -Dspring.jmx.enabled=true -Dspring.liveBeansView.mbeanDomain -Dspring.application.admin.enabled=true -Dfile.encoding=UTF-8 
java_command: com.xjtu.materials.MaterialsApplication
java_class_path (initial): C:\Program Files\Java\jdk1.8.0_271\jre\lib\charsets.jar;C:\Program Files\Java\jdk1.8.0_271\jre\lib\deploy.jar;C:\Program Files\Java\jdk1.8.0_271\jre\lib\ext\access-bridge-64.jar;C:\Program Files\Java\jdk1.8.0_271\jre\lib\ext\cldrdata.jar;C:\Program Files\Java\jdk1.8.0_271\jre\lib\ext\dnsns.jar;C:\Program Files\Java\jdk1.8.0_271\jre\lib\ext\jaccess.jar;C:\Program Files\Java\jdk1.8.0_271\jre\lib\ext\jfxrt.jar;C:\Program Files\Java\jdk1.8.0_271\jre\lib\ext\localedata.jar;C:\Program Files\Java\jdk1.8.0_271\jre\lib\ext\nashorn.jar;C:\Program Files\Java\jdk1.8.0_271\jre\lib\ext\sunec.jar;C:\Program Files\Java\jdk1.8.0_271\jre\lib\ext\sunjce_provider.jar;C:\Program Files\Java\jdk1.8.0_271\jre\lib\ext\sunmscapi.jar;C:\Program Files\Java\jdk1.8.0_271\jre\lib\ext\sunpkcs11.jar;C:\Program Files\Java\jdk1.8.0_271\jre\lib\ext\zipfs.jar;C:\Program Files\Java\jdk1.8.0_271\jre\lib\javaws.jar;C:\Program Files\Java\jdk1.8.0_271\jre\lib\jce.jar;C:\Program Files\Java\jdk1.8.0_271\jre\lib\jfr.jar;C:\Program Files\Java\jdk1.8.0_271\jre\lib\jfxswt.jar;C:\Program Files\Java\jdk1.8.0_271\jre\lib\jsse.jar;C:\Program Files\Java\jdk1.8.0_271\jre\lib\management-agent.jar;C:\Program Files\Java\jdk1.8.0_271\jre\lib\plugin.jar;C:\Program Files\Java\jdk1.8.0_271\jre\lib\resources.jar;C:\Program Files\Java\jdk1.8.0_271\jre\lib\rt.jar;C:\Users\Xiongkai\IdeaProjects\materials\target\classes;C:\Users\Xiongkai\.m2\repository\org\jsoup\jsoup\1.11.3\jsoup-1.11.3.jar;C:\Users\Xiongkai\.m2\repository\org\springframework\boot\spring-boot-starter-thymeleaf\2.1.2.RELEASE\spring-boot-starter-thymeleaf-2.1.2.RELEASE.jar;C:\Users\Xiongkai\.m2\repository\org\springframework\boot\spring-boot-starter\2.1.2.RELEASE\spring-boot-starter-2.1.2.RELEASE.jar;C:\Users\Xiongkai\.m2\repository\org\springframework\boot\spring-boot\2.1.2.RELEASE\spring-boot-2.1.2.RELEASE.jar;C:\Users\Xiongkai\.m2\repository\org\springframework\boot\spring-boot-autoconfigure\2.1.2.RELEASE\spring-boot-autoconfigure-2.
Launcher Type: SUN_STANDARD

Environment Variables:
JAVA_HOME=C:\Program Files\Java\jdk1.8.0_271
PATH=C:\Program Files\apache-maven-3.6.3\bin;C:\Program Files (x86)\Common Files\Oracle\Java\javapath;C:\windows\system32;C:\windows;C:\windows\System32\Wbem;C:\windows\System32\WindowsPowerShell\v1.0\;C:\windows\System32\OpenSSH\;C:\Program Files\Java\jdk1.8.0_271\bin;C:\Program Files\MySQL\MySQL Server 5.7\bin;C:\Program Files\Git\cmd;C:\Program Files\dotnet\;C:\Program Files\Microsoft SQL Server\130\Tools\Binn\;C:\Program Files\Microsoft SQL Server\Client SDK\ODBC\170\Tools\Binn\;C:\Program Files\MySQL\MySQL Shell 8.0\bin\;C:\Users\Xiongkai\AppData\Local\Programs\Python\Python38-32\Scripts\;C:\Users\Xiongkai\AppData\Local\Programs\Python\Python38-32\;C:\Users\Xiongkai\AppData\Local\Microsoft\WindowsApps;C:\Users\Xiongkai\.dotnet\tools
USERNAME=Xiongkai
OS=Windows_NT
PROCESSOR_IDENTIFIER=Intel64 Family 6 Model 165 Stepping 3, GenuineIntel



---------------  S Y S T E M  ---------------

OS: Windows 10.0 , 64 bit Build 19041 (10.0.19041.804)

CPU:total 12 (initial active 12) (6 cores per cpu, 2 threads per core) family 6 model 165 stepping 3, cmov, cx8, fxsr, mmx, sse, sse2, sse3, ssse3, sse4.1, sse4.2, popcnt, avx, avx2, aes, clmul, erms, 3dnowpref, lzcnt, ht, tsc, tscinvbit, bmi1, bmi2, adx

Memory: 4k page, physical 16596352k(6225628k free), swap 19086720k(7346448k free)

vm_info: Java HotSpot(TM) 64-Bit Server VM (25.271-b09) for windows-amd64 JRE (1.8.0_271-b09), built on Sep 16 2020 19:14:59 by "" with MS VC++ 15.9 (VS2017)

time: Mon Apr 12 22:15:23 2021
timezone: 中国标准时间
elapsed time: 85.165827 seconds (0d 0h 1m 25s)

